android/app/build/intermediates/manifest_merge_blame_file/debug/manifest-merger-blame-debug-report.txt
1<?xml version="1.0" encoding="utf-8"?>
2<manifest xmlns:android="http://schemas.android.com/apk/res/android"
3    package="com.projectnamehere"
4    android:versionCode="1"
5    android:versionName="1.0" >
6
7    <uses-sdk
8        android:minSdkVersion="21"
9        android:targetSdkVersion="31" />
10
11    <uses-permission android:name="android.permission.SYSTEM_ALERT_WINDOW" />
11-->src\debug\AndroidManifest.xml:5:5-77
11-->src\debug\AndroidManifest.xml:5:22-75
12    <uses-permission android:name="android.permission.INTERNET" />
12-->src\main\AndroidManifest.xml:4:5-67
12-->src\main\AndroidManifest.xml:4:22-64
13    <uses-permission android:name="android.permission.ACCESS_WIFI_STATE" />
13-->src\main\AndroidManifest.xml:5:5-76
13-->src\main\AndroidManifest.xml:5:22-73
14    <uses-permission android:name="android.permission.ACCESS_NETWORK_STATE" />
14-->src\main\AndroidManifest.xml:6:5-79
14-->src\main\AndroidManifest.xml:6:22-76
15    <uses-permission android:name="android.permission.WAKE_LOCK" /> <!-- Required by older versions of Google Play services to create IID tokens -->
15-->[com.google.firebase:firebase-messaging:23.0.4] AndroidManifest.xml:26:5-68
15-->[com.google.firebase:firebase-messaging:23.0.4] AndroidManifest.xml:26:22-65
16    <uses-permission android:name="com.google.android.c2dm.permission.RECEIVE" />
16-->[com.google.firebase:firebase-messaging:23.0.4] AndroidManifest.xml:28:5-82
16-->[com.google.firebase:firebase-messaging:23.0.4] AndroidManifest.xml:28:22-79
17
18    <application
18-->src\main\AndroidManifest.xml:8:5-33:19
19        android:name="com.projectnamehere.MainApplication"
19-->src\main\AndroidManifest.xml:9:7-38
20        android:allowBackup="false"
20-->src\main\AndroidManifest.xml:13:7-34
21        android:appComponentFactory="androidx.core.app.CoreComponentFactory"
21-->[androidx.core:core:1.5.0] AndroidManifest.xml:24:18-86
22        android:debuggable="true"
23        android:icon="@mipmap/ic_launcher"
23-->src\main\AndroidManifest.xml:11:7-41
24        android:label="@string/app_name"
24-->src\main\AndroidManifest.xml:10:7-39
25        android:roundIcon="@mipmap/ic_launcher_round"
25-->src\main\AndroidManifest.xml:12:7-52
26        android:testOnly="true"
27        android:theme="@style/AppTheme"
27-->src\main\AndroidManifest.xml:14:7-38
28        android:usesCleartextTraffic="true" >
28-->src\debug\AndroidManifest.xml:8:9-44
29        <activity android:name="com.facebook.react.devsupport.DevSettingsActivity" />
29-->src\debug\AndroidManifest.xml:11:9-86
29-->src\debug\AndroidManifest.xml:11:19-83
30        <activity
30-->src\main\AndroidManifest.xml:15:7-25:18
31            android:name="com.projectnamehere.MainActivity"
31-->src\main\AndroidManifest.xml:16:9-37
32            android:configChanges="keyboard|keyboardHidden|orientation|screenSize|uiMode"
32-->src\main\AndroidManifest.xml:18:9-86
33            android:label="@string/app_name"
33-->src\main\AndroidManifest.xml:17:9-41
34            android:launchMode="singleTask"
34-->src\main\AndroidManifest.xml:19:9-40
35            android:windowSoftInputMode="adjustResize" >
35-->src\main\AndroidManifest.xml:20:9-51
36            <intent-filter>
36-->src\main\AndroidManifest.xml:21:9-24:25
37                <action android:name="android.intent.action.MAIN" />
37-->src\main\AndroidManifest.xml:22:13-65
37-->src\main\AndroidManifest.xml:22:21-62
38
39                <category android:name="android.intent.category.LAUNCHER" />
39-->src\main\AndroidManifest.xml:23:13-73
39-->src\main\AndroidManifest.xml:23:23-70
40            </intent-filter>
41        </activity>
42
43        <service
43-->src\main\AndroidManifest.xml:27:9-32:19
44            android:name="com.moengage.firebase.MoEFireBaseMessagingService"
44-->src\main\AndroidManifest.xml:27:18-82
45            android:exported="false" >
45-->src\main\AndroidManifest.xml:28:13-37
46            <intent-filter>
46-->src\main\AndroidManifest.xml:29:13-31:29
47                <action android:name="com.google.firebase.MESSAGING_EVENT" />
47-->src\main\AndroidManifest.xml:30:17-78
47-->src\main\AndroidManifest.xml:30:25-75
48            </intent-filter>
49        </service>
50
51        <receiver
51-->[com.google.firebase:firebase-messaging:23.0.4] AndroidManifest.xml:31:9-38:20
52            android:name="com.google.firebase.iid.FirebaseInstanceIdReceiver"
52-->[com.google.firebase:firebase-messaging:23.0.4] AndroidManifest.xml:32:13-78
53            android:exported="true"
53-->[com.google.firebase:firebase-messaging:23.0.4] AndroidManifest.xml:33:13-36
54            android:permission="com.google.android.c2dm.permission.SEND" >
54-->[com.google.firebase:firebase-messaging:23.0.4] AndroidManifest.xml:34:13-73
55            <intent-filter>
55-->[com.google.firebase:firebase-messaging:23.0.4] AndroidManifest.xml:35:13-37:29
56                <action android:name="com.google.android.c2dm.intent.RECEIVE" />
56-->[com.google.firebase:firebase-messaging:23.0.4] AndroidManifest.xml:36:17-81
56-->[com.google.firebase:firebase-messaging:23.0.4] AndroidManifest.xml:36:25-78
57            </intent-filter>
58        </receiver>
59        <!--
60             FirebaseMessagingService performs security checks at runtime,
61             but set to not exported to explicitly avoid allowing another app to call it.
62        -->
63        <service
63-->[com.google.firebase:firebase-messaging:23.0.4] AndroidManifest.xml:44:9-51:19
64            android:name="com.google.firebase.messaging.FirebaseMessagingService"
64-->[com.google.firebase:firebase-messaging:23.0.4] AndroidManifest.xml:45:13-82
65            android:directBootAware="true"
65-->[com.google.firebase:firebase-messaging:23.0.4] AndroidManifest.xml:46:13-43
66            android:exported="false" >
66-->[com.google.firebase:firebase-messaging:23.0.4] AndroidManifest.xml:47:13-37
67            <intent-filter android:priority="-500" >
67-->src\main\AndroidManifest.xml:29:13-31:29
68                <action android:name="com.google.firebase.MESSAGING_EVENT" />
68-->src\main\AndroidManifest.xml:30:17-78
68-->src\main\AndroidManifest.xml:30:25-75
69            </intent-filter>
70        </service>
71        <service
71-->[com.google.firebase:firebase-messaging:23.0.4] AndroidManifest.xml:52:9-58:19
72            android:name="com.google.firebase.components.ComponentDiscoveryService"
72-->[com.google.firebase:firebase-messaging:23.0.4] AndroidManifest.xml:53:13-84
73            android:directBootAware="true"
73-->[com.google.firebase:firebase-common:20.1.1] AndroidManifest.xml:35:13-43
74            android:exported="false" >
74-->[com.google.firebase:firebase-messaging:23.0.4] AndroidManifest.xml:54:13-37
75            <meta-data
75-->[com.google.firebase:firebase-messaging:23.0.4] AndroidManifest.xml:55:13-57:85
76                android:name="com.google.firebase.components:com.google.firebase.messaging.FirebaseMessagingRegistrar"
76-->[com.google.firebase:firebase-messaging:23.0.4] AndroidManifest.xml:56:17-119
77                android:value="com.google.firebase.components.ComponentRegistrar" />
77-->[com.google.firebase:firebase-messaging:23.0.4] AndroidManifest.xml:57:17-82
78            <meta-data
78-->[com.google.firebase:firebase-installations:17.0.1] AndroidManifest.xml:18:13-20:85
79                android:name="com.google.firebase.components:com.google.firebase.installations.FirebaseInstallationsRegistrar"
79-->[com.google.firebase:firebase-installations:17.0.1] AndroidManifest.xml:19:17-127
80                android:value="com.google.firebase.components.ComponentRegistrar" />
80-->[com.google.firebase:firebase-installations:17.0.1] AndroidManifest.xml:20:17-82
81            <meta-data
81-->[com.google.firebase:firebase-datatransport:18.1.3] AndroidManifest.xml:28:13-30:85
82                android:name="com.google.firebase.components:com.google.firebase.datatransport.TransportRegistrar"
82-->[com.google.firebase:firebase-datatransport:18.1.3] AndroidManifest.xml:29:17-115
83                android:value="com.google.firebase.components.ComponentRegistrar" />
83-->[com.google.firebase:firebase-datatransport:18.1.3] AndroidManifest.xml:30:17-82
84        </service>
85
86        <activity
86-->[com.google.android.gms:play-services-base:18.0.1] AndroidManifest.xml:20:9-22:45
87            android:name="com.google.android.gms.common.api.GoogleApiActivity"
87-->[com.google.android.gms:play-services-base:18.0.1] AndroidManifest.xml:20:19-85
88            android:exported="false"
88-->[com.google.android.gms:play-services-base:18.0.1] AndroidManifest.xml:22:19-43
89            android:theme="@android:style/Theme.Translucent.NoTitleBar" />
89-->[com.google.android.gms:play-services-base:18.0.1] AndroidManifest.xml:21:19-78
90
91        <provider
91-->[com.google.firebase:firebase-common:20.1.1] AndroidManifest.xml:26:9-31:39
92            android:name="com.google.firebase.provider.FirebaseInitProvider"
92-->[com.google.firebase:firebase-common:20.1.1] AndroidManifest.xml:27:13-77
93            android:authorities="com.projectnamehere.firebaseinitprovider"
93-->[com.google.firebase:firebase-common:20.1.1] AndroidManifest.xml:28:13-72
94            android:directBootAware="true"
94-->[com.google.firebase:firebase-common:20.1.1] AndroidManifest.xml:29:13-43
95            android:exported="false"
95-->[com.google.firebase:firebase-common:20.1.1] AndroidManifest.xml:30:13-37
96            android:initOrder="100" />
96-->[com.google.firebase:firebase-common:20.1.1] AndroidManifest.xml:31:13-36
97
98        <meta-data
98-->[com.google.android.gms:play-services-basement:18.0.0] AndroidManifest.xml:21:9-23:69
99            android:name="com.google.android.gms.version"
99-->[com.google.android.gms:play-services-basement:18.0.0] AndroidManifest.xml:22:13-58
100            android:value="@integer/google_play_services_version" />
100-->[com.google.android.gms:play-services-basement:18.0.0] AndroidManifest.xml:23:13-66
101
102        <provider
102-->[androidx.lifecycle:lifecycle-process:2.4.0] AndroidManifest.xml:26:9-34:20
103            android:name="androidx.startup.InitializationProvider"
103-->[androidx.lifecycle:lifecycle-process:2.4.0] AndroidManifest.xml:27:13-67
104            android:authorities="com.projectnamehere.androidx-startup"
104-->[androidx.lifecycle:lifecycle-process:2.4.0] AndroidManifest.xml:28:13-68
105            android:exported="false" >
105-->[androidx.lifecycle:lifecycle-process:2.4.0] AndroidManifest.xml:29:13-37
106            <meta-data
106-->[androidx.lifecycle:lifecycle-process:2.4.0] AndroidManifest.xml:31:13-33:52
107                android:name="androidx.lifecycle.ProcessLifecycleInitializer"
107-->[androidx.lifecycle:lifecycle-process:2.4.0] AndroidManifest.xml:32:17-78
108                android:value="androidx.startup" />
108-->[androidx.lifecycle:lifecycle-process:2.4.0] AndroidManifest.xml:33:17-49
109        </provider>
110
111        <service
111-->[com.google.android.datatransport:transport-backend-cct:3.1.4] AndroidManifest.xml:29:9-35:19
112            android:name="com.google.android.datatransport.runtime.backends.TransportBackendDiscovery"
112-->[com.google.android.datatransport:transport-backend-cct:3.1.4] AndroidManifest.xml:30:13-103
113            android:exported="false" >
113-->[com.google.android.datatransport:transport-backend-cct:3.1.4] AndroidManifest.xml:31:13-37
114            <meta-data
114-->[com.google.android.datatransport:transport-backend-cct:3.1.4] AndroidManifest.xml:32:13-34:39
115                android:name="backend:com.google.android.datatransport.cct.CctBackendFactory"
115-->[com.google.android.datatransport:transport-backend-cct:3.1.4] AndroidManifest.xml:33:17-94
116                android:value="cct" />
116-->[com.google.android.datatransport:transport-backend-cct:3.1.4] AndroidManifest.xml:34:17-36
117        </service>
118        <service
118-->[com.google.android.datatransport:transport-runtime:3.1.4] AndroidManifest.xml:26:9-30:19
119            android:name="com.google.android.datatransport.runtime.scheduling.jobscheduling.JobInfoSchedulerService"
119-->[com.google.android.datatransport:transport-runtime:3.1.4] AndroidManifest.xml:27:13-117
120            android:exported="false"
120-->[com.google.android.datatransport:transport-runtime:3.1.4] AndroidManifest.xml:28:13-37
121            android:permission="android.permission.BIND_JOB_SERVICE" >
121-->[com.google.android.datatransport:transport-runtime:3.1.4] AndroidManifest.xml:29:13-69
122        </service>
123
124        <receiver
124-->[com.google.android.datatransport:transport-runtime:3.1.4] AndroidManifest.xml:32:9-34:40
125            android:name="com.google.android.datatransport.runtime.scheduling.jobscheduling.AlarmManagerSchedulerBroadcastReceiver"
125-->[com.google.android.datatransport:transport-runtime:3.1.4] AndroidManifest.xml:33:13-132
126            android:exported="false" />
126-->[com.google.android.datatransport:transport-runtime:3.1.4] AndroidManifest.xml:34:13-37
127
128        <service
128-->[com.moengage:core:5.4.3] AndroidManifest.xml:22:9-24:40
129            android:name="com.moengage.core.MoEWorker"
129-->[com.moengage:core:5.4.3] AndroidManifest.xml:23:13-55
130            android:exported="false" />
130-->[com.moengage:core:5.4.3] AndroidManifest.xml:24:13-37
131
132        <receiver
132-->[com.moengage:core:5.4.3] AndroidManifest.xml:26:9-29:40
133            android:name="com.moengage.core.MoEAlarmReceiver"
133-->[com.moengage:core:5.4.3] AndroidManifest.xml:27:13-62
134            android:enabled="true"
134-->[com.moengage:core:5.4.3] AndroidManifest.xml:28:13-35
135            android:exported="false" />
135-->[com.moengage:core:5.4.3] AndroidManifest.xml:29:13-37
136
137        <service
137-->[com.moengage:core:5.4.3] AndroidManifest.xml:31:9-33:72
138            android:name="com.moengage.core.DataSyncJob"
138-->[com.moengage:core:5.4.3] AndroidManifest.xml:32:13-57
139            android:permission="android.permission.BIND_JOB_SERVICE" />
139-->[com.moengage:core:5.4.3] AndroidManifest.xml:33:13-69
140
141        <receiver
141-->[com.moengage:pushbase:5.4.1] AndroidManifest.xml:22:9-24:40
142            android:name="com.moengage.pushbase.MoEPushReceiver"
142-->[com.moengage:pushbase:5.4.1] AndroidManifest.xml:23:13-65
143            android:exported="false" />
143-->[com.moengage:pushbase:5.4.1] AndroidManifest.xml:24:13-37
144
145        <activity
145-->[com.moengage:pushbase:5.4.1] AndroidManifest.xml:26:9-30:86
146            android:name="com.moengage.pushbase.activities.PushTracker"
146-->[com.moengage:pushbase:5.4.1] AndroidManifest.xml:27:13-72
147            android:configChanges="orientation|screenSize"
147-->[com.moengage:pushbase:5.4.1] AndroidManifest.xml:28:13-59
148            android:noHistory="true"
148-->[com.moengage:pushbase:5.4.1] AndroidManifest.xml:29:13-37
149            android:theme="@android:style/Theme.Translucent.NoTitleBar.Fullscreen" />
149-->[com.moengage:pushbase:5.4.1] AndroidManifest.xml:30:13-83
150        <activity
150-->[com.moengage:pushbase:5.4.1] AndroidManifest.xml:31:9-37:86
151            android:name="com.moengage.pushbase.activities.PushClickDialogTracker"
151-->[com.moengage:pushbase:5.4.1] AndroidManifest.xml:32:13-83
152            android:configChanges="orientation|screenSize"
152-->[com.moengage:pushbase:5.4.1] AndroidManifest.xml:33:13-59
153            android:excludeFromRecents="true"
153-->[com.moengage:pushbase:5.4.1] AndroidManifest.xml:34:13-46
154            android:launchMode="singleTask"
154-->[com.moengage:pushbase:5.4.1] AndroidManifest.xml:35:13-44
155            android:taskAffinity=":NotificationDialog"
155-->[com.moengage:pushbase:5.4.1] AndroidManifest.xml:36:13-55
156            android:theme="@android:style/Theme.Translucent.NoTitleBar.Fullscreen" />
156-->[com.moengage:pushbase:5.4.1] AndroidManifest.xml:37:13-83
157
158        <service
158-->[com.moengage:pushbase:5.4.1] AndroidManifest.xml:39:9-41:40
159            android:name="com.moengage.pushbase.push.MoEPushWorker"
159-->[com.moengage:pushbase:5.4.1] AndroidManifest.xml:40:13-68
160            android:exported="false" />
160-->[com.moengage:pushbase:5.4.1] AndroidManifest.xml:41:13-37
161        <service
161-->[com.moengage:realtime-trigger:1.2.00] AndroidManifest.xml:24:9-27:19
162            android:name="com.moengage.rtt.internal.RttIntentService"
162-->[com.moengage:realtime-trigger:1.2.00] AndroidManifest.xml:25:13-70
163            android:exported="false" >
163-->[com.moengage:realtime-trigger:1.2.00] AndroidManifest.xml:26:13-37
164        </service>
165
166        <receiver
166-->[com.moengage:realtime-trigger:1.2.00] AndroidManifest.xml:29:9-33:20
167            android:name="com.moengage.rtt.internal.RttReceiver"
167-->[com.moengage:realtime-trigger:1.2.00] AndroidManifest.xml:30:13-65
168            android:enabled="true"
168-->[com.moengage:realtime-trigger:1.2.00] AndroidManifest.xml:31:13-35
169            android:exported="false" >
169-->[com.moengage:realtime-trigger:1.2.00] AndroidManifest.xml:32:13-37
170        </receiver>
171
172        <service
172-->[com.moengage:realtime-trigger:1.2.00] AndroidManifest.xml:35:9-37:72
173            android:name="com.moengage.rtt.internal.RttSyncJob"
173-->[com.moengage:realtime-trigger:1.2.00] AndroidManifest.xml:36:13-64
174            android:permission="android.permission.BIND_JOB_SERVICE" />
174-->[com.moengage:realtime-trigger:1.2.00] AndroidManifest.xml:37:13-69
175
176        <receiver
176-->[com.moengage:push-amp:3.2.00] AndroidManifest.xml:12:9-16:20
177            android:name="com.moengage.pushamp.internal.PushAmpAlarmReceiver"
177-->[com.moengage:push-amp:3.2.00] AndroidManifest.xml:13:13-78
178            android:enabled="true"
178-->[com.moengage:push-amp:3.2.00] AndroidManifest.xml:14:13-35
179            android:exported="false" >
179-->[com.moengage:push-amp:3.2.00] AndroidManifest.xml:15:13-37
180        </receiver>
181
182        <service
182-->[com.moengage:push-amp:3.2.00] AndroidManifest.xml:18:9-21:19
183            android:name="com.moengage.pushamp.internal.PushAmpIntentService"
183-->[com.moengage:push-amp:3.2.00] AndroidManifest.xml:19:13-78
184            android:exported="false" >
184-->[com.moengage:push-amp:3.2.00] AndroidManifest.xml:20:13-37
185        </service>
186        <service
186-->[com.moengage:push-amp:3.2.00] AndroidManifest.xml:22:9-25:19
187            android:name="com.moengage.pushamp.internal.PushAmpSyncJob"
187-->[com.moengage:push-amp:3.2.00] AndroidManifest.xml:23:13-72
188            android:permission="android.permission.BIND_JOB_SERVICE" >
188-->[com.moengage:push-amp:3.2.00] AndroidManifest.xml:24:13-69
189        </service>
190
191        <activity
191-->[com.moengage:integration-verifier:3.1.00] AndroidManifest.xml:24:9-37:20
192            android:name="com.moengage.integrationverifier.internal.IntegrationVerificationActivity"
192-->[com.moengage:integration-verifier:3.1.00] AndroidManifest.xml:25:13-101
193            android:exported="true" >
193-->[com.moengage:integration-verifier:3.1.00] AndroidManifest.xml:26:13-36
194            <intent-filter>
194-->[com.moengage:integration-verifier:3.1.00] AndroidManifest.xml:27:13-36:29
195                <action android:name="android.intent.action.VIEW" />
195-->[com.moengage:integration-verifier:3.1.00] AndroidManifest.xml:28:17-69
195-->[com.moengage:integration-verifier:3.1.00] AndroidManifest.xml:28:25-66
196
197                <category android:name="android.intent.category.DEFAULT" />
197-->[com.moengage:integration-verifier:3.1.00] AndroidManifest.xml:30:17-76
197-->[com.moengage:integration-verifier:3.1.00] AndroidManifest.xml:30:27-73
198                <category android:name="android.intent.category.BROWSABLE" />
198-->[com.moengage:integration-verifier:3.1.00] AndroidManifest.xml:31:17-78
198-->[com.moengage:integration-verifier:3.1.00] AndroidManifest.xml:31:27-75
199
200                <data
200-->[com.moengage:integration-verifier:3.1.00] AndroidManifest.xml:33:17-35:49
201                    android:host="integration"
201-->[com.moengage:integration-verifier:3.1.00] AndroidManifest.xml:34:21-47
202                    android:scheme="moengage" />
202-->[com.moengage:integration-verifier:3.1.00] AndroidManifest.xml:35:21-46
203            </intent-filter>
204        </activity>
205    </application>
206
207</manifest>